This is XeTeX, Version 3.141592653-2.6-0.999997 (TeX Live 2025) (preloaded format=xelatex 2025.4.20)  11 JAN 2026 11:28
entering extended mode
 restricted \write18 enabled.
 %&-line parsing enabled.
**main.tex
(./main.tex
LaTeX2e <2024-11-01> patch level 2
L3 programming layer <2025-01-18>
(/usr/local/texlive/2025/texmf-dist/tex/latex/ctex/ctexart.cls
(/usr/local/texlive/2025/texmf-dist/tex/latex/ctex/config/ctexbackend.cfg
File: ctexbackend.cfg 2022/07/14 v2.5.10 Backend configuration file (CTEX)
)
(/usr/local/texlive/2025/texmf-dist/tex/latex/l3kernel/expl3.sty
Package: expl3 2025-01-18 L3 programming layer (loader) 

(/usr/local/texlive/2025/texmf-dist/tex/latex/l3backend/l3backend-xetex.def
File: l3backend-xetex.def 2024-05-08 L3 backend support: XeTeX
\g__graphics_track_int=\count192
\l__pdf_internal_box=\box52
\g__pdf_backend_annotation_int=\count193
\g__pdf_backend_link_int=\count194
))
Document Class: ctexart 2022/07/14 v2.5.10 Chinese adapter for class article (C
TEX)
(/usr/local/texlive/2025/texmf-dist/tex/latex/ctex/ctexhook.sty
Package: ctexhook 2022/07/14 v2.5.10 Document and package hooks (CTEX)
)
(/usr/local/texlive/2025/texmf-dist/tex/latex/ctex/ctexpatch.sty
Package: ctexpatch 2022/07/14 v2.5.10 Patching commands (CTEX)
)
(/usr/local/texlive/2025/texmf-dist/tex/latex/base/fix-cm.sty
Package: fix-cm 2020/11/24 v1.1t fixes to LaTeX

(/usr/local/texlive/2025/texmf-dist/tex/latex/base/ts1enc.def
File: ts1enc.def 2001/06/05 v3.0e (jk/car/fm) Standard LaTeX file
LaTeX Font Info:    Redeclaring font encoding TS1 on input line 47.
))
\l__ctex_tmp_int=\count195
\l__ctex_tmp_box=\box53
\l__ctex_tmp_dim=\dimen141
\g__ctex_section_depth_int=\count196
\g__ctex_font_size_int=\count197

(/usr/local/texlive/2025/texmf-dist/tex/latex/ctex/config/ctexopts.cfg
File: ctexopts.cfg 2022/07/14 v2.5.10 Option configuration file (CTEX)
)
(/usr/local/texlive/2025/texmf-dist/tex/latex/base/article.cls
Document Class: article 2024/06/29 v1.4n Standard LaTeX document class
(/usr/local/texlive/2025/texmf-dist/tex/latex/base/size11.clo
File: size11.clo 2024/06/29 v1.4n Standard LaTeX file (size option)
)
\c@part=\count198
\c@section=\count199
\c@subsection=\count266
\c@subsubsection=\count267
\c@paragraph=\count268
\c@subparagraph=\count269
\c@figure=\count270
\c@table=\count271
\abovecaptionskip=\skip49
\belowcaptionskip=\skip50
\bibindent=\dimen142
)
(/usr/local/texlive/2025/texmf-dist/tex/latex/ctex/engine/ctex-engine-xetex.def
File: ctex-engine-xetex.def 2022/07/14 v2.5.10 XeLaTeX adapter (CTEX)
(/usr/local/texlive/2025/texmf-dist/tex/xelatex/xecjk/xeCJK.sty
Package: xeCJK 2022/08/05 v3.9.1 Typesetting CJK scripts with XeLaTeX

(/usr/local/texlive/2025/texmf-dist/tex/latex/l3packages/xtemplate/xtemplate.st
y
Package: xtemplate 2024-08-16 L3 Experimental prototype document functions
)
\l__xeCJK_tmp_int=\count272
\l__xeCJK_tmp_box=\box54
\l__xeCJK_tmp_dim=\dimen143
\l__xeCJK_tmp_skip=\skip51
\g__xeCJK_space_factor_int=\count273
\l__xeCJK_begin_int=\count274
\l__xeCJK_end_int=\count275
\c__xeCJK_CJK_class_int=\XeTeXcharclass1
\c__xeCJK_FullLeft_class_int=\XeTeXcharclass2
\c__xeCJK_FullRight_class_int=\XeTeXcharclass3
\c__xeCJK_HalfLeft_class_int=\XeTeXcharclass4
\c__xeCJK_HalfRight_class_int=\XeTeXcharclass5
\c__xeCJK_NormalSpace_class_int=\XeTeXcharclass6
\c__xeCJK_CM_class_int=\XeTeXcharclass7
\c__xeCJK_HangulJamo_class_int=\XeTeXcharclass8
\l__xeCJK_last_skip=\skip52
\c__xeCJK_none_node=\count276
\g__xeCJK_node_int=\count277
\c__xeCJK_CJK_node_dim=\dimen144
\c__xeCJK_CJK-space_node_dim=\dimen145
\c__xeCJK_default_node_dim=\dimen146
\c__xeCJK_CJK-widow_node_dim=\dimen147
\c__xeCJK_normalspace_node_dim=\dimen148
\c__xeCJK_default-space_node_skip=\skip53
\l__xeCJK_ccglue_skip=\skip54
\l__xeCJK_ecglue_skip=\skip55
\l__xeCJK_punct_kern_skip=\skip56
\l__xeCJK_indent_box=\box55
\l__xeCJK_last_penalty_int=\count278
\l__xeCJK_last_bound_dim=\dimen149
\l__xeCJK_last_kern_dim=\dimen150
\l__xeCJK_widow_penalty_int=\count279

LaTeX template Info: Declaring template type 'xeCJK/punctuation' taking 0
(template)           argument(s) on line 2396.

\l__xeCJK_fixed_punct_width_dim=\dimen151
\l__xeCJK_mixed_punct_width_dim=\dimen152
\l__xeCJK_middle_punct_width_dim=\dimen153
\l__xeCJK_fixed_margin_width_dim=\dimen154
\l__xeCJK_mixed_margin_width_dim=\dimen155
\l__xeCJK_middle_margin_width_dim=\dimen156
\l__xeCJK_bound_punct_width_dim=\dimen157
\l__xeCJK_bound_margin_width_dim=\dimen158
\l__xeCJK_margin_minimum_dim=\dimen159
\l__xeCJK_kerning_total_width_dim=\dimen160
\l__xeCJK_same_align_margin_dim=\dimen161
\l__xeCJK_different_align_margin_dim=\dimen162
\l__xeCJK_kerning_margin_width_dim=\dimen163
\l__xeCJK_kerning_margin_minimum_dim=\dimen164
\l__xeCJK_bound_dim=\dimen165
\l__xeCJK_reverse_bound_dim=\dimen166
\l__xeCJK_margin_dim=\dimen167
\l__xeCJK_minimum_bound_dim=\dimen168
\l__xeCJK_kerning_margin_dim=\dimen169
\g__xeCJK_family_int=\count280
\l__xeCJK_fam_int=\count281
\g__xeCJK_fam_allocation_int=\count282
\l__xeCJK_verb_case_int=\count283
\l__xeCJK_verb_exspace_skip=\skip57
 (/usr/local/texlive/2025/texmf-dist/tex/latex/fontspec/fontspec.sty
(/usr/local/texlive/2025/texmf-dist/tex/latex/l3packages/xparse/xparse.sty
Package: xparse 2024-08-16 L3 Experimental document command parser
)
Package: fontspec 2024/05/11 v2.9e Font selection for XeLaTeX and LuaLaTeX

(/usr/local/texlive/2025/texmf-dist/tex/latex/fontspec/fontspec-xetex.sty
Package: fontspec-xetex 2024/05/11 v2.9e Font selection for XeLaTeX and LuaLaTe
X
\l__fontspec_script_int=\count284
\l__fontspec_language_int=\count285
\l__fontspec_strnum_int=\count286
\l__fontspec_tmp_int=\count287
\l__fontspec_tmpa_int=\count288
\l__fontspec_tmpb_int=\count289
\l__fontspec_tmpc_int=\count290
\l__fontspec_em_int=\count291
\l__fontspec_emdef_int=\count292
\l__fontspec_strong_int=\count293
\l__fontspec_strongdef_int=\count294
\l__fontspec_tmpa_dim=\dimen170
\l__fontspec_tmpb_dim=\dimen171
\l__fontspec_tmpc_dim=\dimen172

(/usr/local/texlive/2025/texmf-dist/tex/latex/base/fontenc.sty
Package: fontenc 2021/04/29 v2.0v Standard LaTeX package
)
(/usr/local/texlive/2025/texmf-dist/tex/latex/fontspec/fontspec.cfg)))
(/usr/local/texlive/2025/texmf-dist/tex/xelatex/xecjk/xeCJK.cfg
File: xeCJK.cfg 2022/08/05 v3.9.1 Configuration file for xeCJK package
))
\ccwd=\dimen173
\l__ctex_ccglue_skip=\skip58
)
\l__ctex_ziju_dim=\dimen174

(/usr/local/texlive/2025/texmf-dist/tex/latex/zhnumber/zhnumber.sty
Package: zhnumber 2022/07/14 v3.0 Typesetting numbers with Chinese glyphs
\l__zhnum_scale_int=\count295
\l__zhnum_tmp_int=\count296

(/usr/local/texlive/2025/texmf-dist/tex/latex/zhnumber/zhnumber-utf8.cfg
File: zhnumber-utf8.cfg 2022/07/14 v3.0 Chinese numerals with UTF8 encoding
))
\l__ctex_heading_skip=\skip59

(/usr/local/texlive/2025/texmf-dist/tex/latex/ctex/scheme/ctex-scheme-chinese-a
rticle.def
File: ctex-scheme-chinese-article.def 2022/07/14 v2.5.10 Chinese scheme for art
icle (CTEX)

(/usr/local/texlive/2025/texmf-dist/tex/latex/ctex/config/ctex-name-utf8.cfg
File: ctex-name-utf8.cfg 2022/07/14 v2.5.10 Caption with encoding UTF-8 (CTEX)
))
(/usr/local/texlive/2025/texmf-dist/tex/latex/ctex/fontset/ctex-fontset-fandol.
def
File: ctex-fontset-fandol.def 2022/07/14 v2.5.10 Fandol fonts definition (CTEX)


Package fontspec Info: 
(fontspec)             Script 'CJK' not explicitly supported within font
(fontspec)             'FandolSong-Regular'. Check the typeset output, and if
(fontspec)             it is okay then ignore this warning. Otherwise a
(fontspec)             different font should be chosen.


Package fontspec Info: 
(fontspec)             Font family 'FandolSong-Regular(0)' created for font
(fontspec)             'FandolSong-Regular' with options
(fontspec)             [Script={CJK},Extension={.otf},BoldFont={FandolSong-Bold
},ItalicFont={FandolKai-Regular}].
(fontspec)              
(fontspec)              This font family consists of the following NFSS
(fontspec)             series/shapes:
(fontspec)              
(fontspec)             - 'normal' (m/n) with NFSS spec.:
(fontspec)             <->"[FandolSong-Regular.otf]/OT:script=hani;language=dfl
t;"
(fontspec)             - 'bold' (b/n) with NFSS spec.:
(fontspec)             <->"[FandolSong-Bold.otf]/OT:script=hani;language=dflt;"

(fontspec)             - 'italic' (m/it) with NFSS spec.:
(fontspec)             <->"[FandolKai-Regular.otf]/OT:script=hani;language=dflt
;"

)) (/usr/local/texlive/2025/texmf-dist/tex/latex/ctex/config/ctex.cfg
File: ctex.cfg 2022/07/14 v2.5.10 Configuration file (CTEX)
)
(/usr/local/texlive/2025/texmf-dist/tex/latex/geometry/geometry.sty
Package: geometry 2020/01/02 v5.9 Page Geometry

(/usr/local/texlive/2025/texmf-dist/tex/latex/graphics/keyval.sty
Package: keyval 2022/05/29 v1.15 key=value parser (DPC)
\KV@toks@=\toks17
)
(/usr/local/texlive/2025/texmf-dist/tex/generic/iftex/ifvtex.sty
Package: ifvtex 2019/10/25 v1.7 ifvtex legacy package. Use iftex instead.

(/usr/local/texlive/2025/texmf-dist/tex/generic/iftex/iftex.sty
Package: iftex 2024/12/12 v1.0g TeX engine tests
))
\Gm@cnth=\count297
\Gm@cntv=\count298
\c@Gm@tempcnt=\count299
\Gm@bindingoffset=\dimen175
\Gm@wd@mp=\dimen176
\Gm@odd@mp=\dimen177
\Gm@even@mp=\dimen178
\Gm@layoutwidth=\dimen179
\Gm@layoutheight=\dimen180
\Gm@layouthoffset=\dimen181
\Gm@layoutvoffset=\dimen182
\Gm@dimlist=\toks18
)
(/usr/local/texlive/2025/texmf-dist/tex/latex/booktabs/booktabs.sty
Package: booktabs 2020/01/12 v1.61803398 Publication quality tables
\heavyrulewidth=\dimen183
\lightrulewidth=\dimen184
\cmidrulewidth=\dimen185
\belowrulesep=\dimen186
\belowbottomsep=\dimen187
\aboverulesep=\dimen188
\abovetopsep=\dimen189
\cmidrulesep=\dimen190
\cmidrulekern=\dimen191
\defaultaddspace=\dimen192
\@cmidla=\count300
\@cmidlb=\count301
\@aboverulesep=\dimen193
\@belowrulesep=\dimen194
\@thisruleclass=\count302
\@lastruleclass=\count303
\@thisrulewidth=\dimen195
)
(/usr/local/texlive/2025/texmf-dist/tex/latex/amsmath/amsmath.sty
Package: amsmath 2024/11/05 v2.17t AMS math features
\@mathmargin=\skip60

For additional information on amsmath, use the `?' option.
(/usr/local/texlive/2025/texmf-dist/tex/latex/amsmath/amstext.sty
Package: amstext 2021/08/26 v2.01 AMS text

(/usr/local/texlive/2025/texmf-dist/tex/latex/amsmath/amsgen.sty
File: amsgen.sty 1999/11/30 v2.0 generic functions
\@emptytoks=\toks19
\ex@=\dimen196
))
(/usr/local/texlive/2025/texmf-dist/tex/latex/amsmath/amsbsy.sty
Package: amsbsy 1999/11/29 v1.2d Bold Symbols
\pmbraise@=\dimen197
)
(/usr/local/texlive/2025/texmf-dist/tex/latex/amsmath/amsopn.sty
Package: amsopn 2022/04/08 v2.04 operator names
)
\inf@bad=\count304
LaTeX Info: Redefining \frac on input line 233.
\uproot@=\count305
\leftroot@=\count306
LaTeX Info: Redefining \overline on input line 398.
LaTeX Info: Redefining \colon on input line 409.
\classnum@=\count307
\DOTSCASE@=\count308
LaTeX Info: Redefining \ldots on input line 495.
LaTeX Info: Redefining \dots on input line 498.
LaTeX Info: Redefining \cdots on input line 619.
\Mathstrutbox@=\box56
\strutbox@=\box57
LaTeX Info: Redefining \big on input line 721.
LaTeX Info: Redefining \Big on input line 722.
LaTeX Info: Redefining \bigg on input line 723.
LaTeX Info: Redefining \Bigg on input line 724.
\big@size=\dimen198
LaTeX Font Info:    Redeclaring font encoding OML on input line 742.
LaTeX Font Info:    Redeclaring font encoding OMS on input line 743.
\macc@depth=\count309
LaTeX Info: Redefining \bmod on input line 904.
LaTeX Info: Redefining \pmod on input line 909.
LaTeX Info: Redefining \smash on input line 939.
LaTeX Info: Redefining \relbar on input line 969.
LaTeX Info: Redefining \Relbar on input line 970.
\c@MaxMatrixCols=\count310
\dotsspace@=\muskip17
\c@parentequation=\count311
\dspbrk@lvl=\count312
\tag@help=\toks20
\row@=\count313
\column@=\count314
\maxfields@=\count315
\andhelp@=\toks21
\eqnshift@=\dimen199
\alignsep@=\dimen256
\tagshift@=\dimen257
\tagwidth@=\dimen258
\totwidth@=\dimen259
\lineht@=\dimen260
\@envbody=\toks22
\multlinegap=\skip61
\multlinetaggap=\skip62
\mathdisplay@stack=\toks23
LaTeX Info: Redefining \[ on input line 2953.
LaTeX Info: Redefining \] on input line 2954.
)
(/usr/local/texlive/2025/texmf-dist/tex/latex/amsfonts/amssymb.sty
Package: amssymb 2013/01/14 v3.01 AMS font symbols

(/usr/local/texlive/2025/texmf-dist/tex/latex/amsfonts/amsfonts.sty
Package: amsfonts 2013/01/14 v3.01 Basic AMSFonts support
\symAMSa=\mathgroup4
\symAMSb=\mathgroup5
LaTeX Font Info:    Redeclaring math symbol \hbar on input line 98.
LaTeX Font Info:    Overwriting math alphabet `\mathfrak' in version `bold'
(Font)                  U/euf/m/n --> U/euf/b/n on input line 106.
))
(/usr/local/texlive/2025/texmf-dist/tex/latex/graphics/graphicx.sty
Package: graphicx 2021/09/16 v1.2d Enhanced LaTeX Graphics (DPC,SPQR)

(/usr/local/texlive/2025/texmf-dist/tex/latex/graphics/graphics.sty
Package: graphics 2024/08/06 v1.4g Standard LaTeX Graphics (DPC,SPQR)

(/usr/local/texlive/2025/texmf-dist/tex/latex/graphics/trig.sty
Package: trig 2023/12/02 v1.11 sin cos tan (DPC)
)
(/usr/local/texlive/2025/texmf-dist/tex/latex/graphics-cfg/graphics.cfg
File: graphics.cfg 2016/06/04 v1.11 sample graphics configuration
)
Package graphics Info: Driver file: xetex.def on input line 106.

(/usr/local/texlive/2025/texmf-dist/tex/latex/graphics-def/xetex.def
File: xetex.def 2022/09/22 v5.0n Graphics/color driver for xetex
))
\Gin@req@height=\dimen261
\Gin@req@width=\dimen262
)
(/usr/local/texlive/2025/texmf-dist/tex/latex/float/float.sty
Package: float 2001/11/08 v1.3d Float enhancements (AL)
\c@float@type=\count316
\float@exts=\toks24
\float@box=\box58
\@float@everytoks=\toks25
\@floatcapt=\box59
)
(/usr/local/texlive/2025/texmf-dist/tex/latex/caption/caption.sty
Package: caption 2023/08/05 v3.6o Customizing captions (AR)

(/usr/local/texlive/2025/texmf-dist/tex/latex/caption/caption3.sty
Package: caption3 2023/07/31 v2.4d caption3 kernel (AR)
\caption@tempdima=\dimen263
\captionmargin=\dimen264
\caption@leftmargin=\dimen265
\caption@rightmargin=\dimen266
\caption@width=\dimen267
\caption@indent=\dimen268
\caption@parindent=\dimen269
\caption@hangindent=\dimen270
Package caption Info: Standard document class detected.
)
\c@caption@flags=\count317
\c@continuedfloat=\count318
Package caption Info: float package is loaded.
)
(/usr/local/texlive/2025/texmf-dist/tex/latex/caption/subcaption.sty
Package: subcaption 2023/07/28 v1.6b Sub-captions (AR)
Package caption Info: New subtype `subfigure' on input line 238.
\c@subfigure=\count319
Package caption Info: New subtype `subtable' on input line 238.
\c@subtable=\count320
)
(/usr/local/texlive/2025/texmf-dist/tex/latex/hyperref/hyperref.sty
Package: hyperref 2024-11-05 v7.01l Hypertext links for LaTeX

(/usr/local/texlive/2025/texmf-dist/tex/latex/kvsetkeys/kvsetkeys.sty
Package: kvsetkeys 2022-10-05 v1.19 Key value parser (HO)
)
(/usr/local/texlive/2025/texmf-dist/tex/generic/kvdefinekeys/kvdefinekeys.sty
Package: kvdefinekeys 2019-12-19 v1.6 Define keys (HO)
)
(/usr/local/texlive/2025/texmf-dist/tex/generic/pdfescape/pdfescape.sty
Package: pdfescape 2019/12/09 v1.15 Implements pdfTeX's escape features (HO)

(/usr/local/texlive/2025/texmf-dist/tex/generic/ltxcmds/ltxcmds.sty
Package: ltxcmds 2023-12-04 v1.26 LaTeX kernel commands for general use (HO)
)
(/usr/local/texlive/2025/texmf-dist/tex/generic/pdftexcmds/pdftexcmds.sty
Package: pdftexcmds 2020-06-27 v0.33 Utility functions of pdfTeX for LuaTeX (HO
)

(/usr/local/texlive/2025/texmf-dist/tex/generic/infwarerr/infwarerr.sty
Package: infwarerr 2019/12/03 v1.5 Providing info/warning/error messages (HO)
)
Package pdftexcmds Info: \pdf@primitive is available.
Package pdftexcmds Info: \pdf@ifprimitive is available.
Package pdftexcmds Info: \pdfdraftmode not found.
))
(/usr/local/texlive/2025/texmf-dist/tex/latex/hycolor/hycolor.sty
Package: hycolor 2020-01-27 v1.10 Color options for hyperref/bookmark (HO)
)
(/usr/local/texlive/2025/texmf-dist/tex/latex/hyperref/nameref.sty
Package: nameref 2023-11-26 v2.56 Cross-referencing by name of section

(/usr/local/texlive/2025/texmf-dist/tex/latex/refcount/refcount.sty
Package: refcount 2019/12/15 v3.6 Data extraction from label references (HO)
)
(/usr/local/texlive/2025/texmf-dist/tex/generic/gettitlestring/gettitlestring.s
ty
Package: gettitlestring 2019/12/15 v1.6 Cleanup title references (HO)
 (/usr/local/texlive/2025/texmf-dist/tex/latex/kvoptions/kvoptions.sty
Package: kvoptions 2022-06-15 v3.15 Key value format for package options (HO)
))
\c@section@level=\count321
)
(/usr/local/texlive/2025/texmf-dist/tex/latex/etoolbox/etoolbox.sty
Package: etoolbox 2025/02/11 v2.5l e-TeX tools for LaTeX (JAW)
\etb@tempcnta=\count322
)
(/usr/local/texlive/2025/texmf-dist/tex/generic/stringenc/stringenc.sty
Package: stringenc 2019/11/29 v1.12 Convert strings between diff. encodings (HO
)
)
\@linkdim=\dimen271
\Hy@linkcounter=\count323
\Hy@pagecounter=\count324

(/usr/local/texlive/2025/texmf-dist/tex/latex/hyperref/pd1enc.def
File: pd1enc.def 2024-11-05 v7.01l Hyperref: PDFDocEncoding definition (HO)
)
(/usr/local/texlive/2025/texmf-dist/tex/generic/intcalc/intcalc.sty
Package: intcalc 2019/12/15 v1.3 Expandable calculations with integers (HO)
)
\Hy@SavedSpaceFactor=\count325

(/usr/local/texlive/2025/texmf-dist/tex/latex/hyperref/puenc.def
File: puenc.def 2024-11-05 v7.01l Hyperref: PDF Unicode definition (HO)
)
Package hyperref Info: Option `unicode' set `true' on input line 4040.
Package hyperref Info: Hyper figures OFF on input line 4157.
Package hyperref Info: Link nesting OFF on input line 4162.
Package hyperref Info: Hyper index ON on input line 4165.
Package hyperref Info: Plain pages OFF on input line 4172.
Package hyperref Info: Backreferencing OFF on input line 4177.
Package hyperref Info: Implicit mode ON; LaTeX internals redefined.
Package hyperref Info: Bookmarks ON on input line 4424.
\c@Hy@tempcnt=\count326

(/usr/local/texlive/2025/texmf-dist/tex/latex/url/url.sty
\Urlmuskip=\muskip18
Package: url 2013/09/16  ver 3.4  Verb mode for urls, etc.
)
LaTeX Info: Redefining \url on input line 4763.
\XeTeXLinkMargin=\dimen272

(/usr/local/texlive/2025/texmf-dist/tex/generic/bitset/bitset.sty
Package: bitset 2019/12/09 v1.3 Handle bit-vector datatype (HO)

(/usr/local/texlive/2025/texmf-dist/tex/generic/bigintcalc/bigintcalc.sty
Package: bigintcalc 2019/12/15 v1.5 Expandable calculations on big integers (HO
)
))
\Fld@menulength=\count327
\Field@Width=\dimen273
\Fld@charsize=\dimen274
Package hyperref Info: Hyper figures OFF on input line 6042.
Package hyperref Info: Link nesting OFF on input line 6047.
Package hyperref Info: Hyper index ON on input line 6050.
Package hyperref Info: backreferencing OFF on input line 6057.
Package hyperref Info: Link coloring OFF on input line 6062.
Package hyperref Info: Link coloring with OCG OFF on input line 6067.
Package hyperref Info: PDF/A mode OFF on input line 6072.

(/usr/local/texlive/2025/texmf-dist/tex/latex/base/atbegshi-ltx.sty
Package: atbegshi-ltx 2021/01/10 v1.0c Emulation of the original atbegshi
package with kernel methods
)
\Hy@abspage=\count328
\c@Item=\count329
\c@Hfootnote=\count330
)
Package hyperref Info: Driver (autodetected): hxetex.

(/usr/local/texlive/2025/texmf-dist/tex/latex/hyperref/hxetex.def
File: hxetex.def 2024-11-05 v7.01l Hyperref driver for XeTeX
\pdfm@box=\box60
\c@Hy@AnnotLevel=\count331
\HyField@AnnotCount=\count332
\Fld@listcount=\count333
\c@bookmark@seq@number=\count334

(/usr/local/texlive/2025/texmf-dist/tex/latex/rerunfilecheck/rerunfilecheck.sty
Package: rerunfilecheck 2022-07-10 v1.10 Rerun checks for auxiliary files (HO)
(/usr/local/texlive/2025/texmf-dist/tex/latex/base/atveryend-ltx.sty
Package: atveryend-ltx 2020/08/19 v1.0a Emulation of the original atveryend pac
kage
with kernel methods
)
(/usr/local/texlive/2025/texmf-dist/tex/generic/uniquecounter/uniquecounter.sty
Package: uniquecounter 2019/12/15 v1.4 Provide unlimited unique counter (HO)
)
Package uniquecounter Info: New unique counter `rerunfilecheck' on input line 2
85.
)
\Hy@SectionHShift=\skip63
) (/usr/local/texlive/2025/texmf-dist/tex/latex/xcolor/xcolor.sty
Package: xcolor 2024/09/29 v3.02 LaTeX color extensions (UK)

(/usr/local/texlive/2025/texmf-dist/tex/latex/graphics-cfg/color.cfg
File: color.cfg 2016/01/02 v1.6 sample color configuration
)
Package xcolor Info: Driver file: xetex.def on input line 274.

(/usr/local/texlive/2025/texmf-dist/tex/latex/graphics/mathcolor.ltx)
Package xcolor Info: Model `cmy' substituted by `cmy0' on input line 1349.
Package xcolor Info: Model `RGB' extended on input line 1365.
Package xcolor Info: Model `HTML' substituted by `rgb' on input line 1367.
Package xcolor Info: Model `Hsb' substituted by `hsb' on input line 1368.
Package xcolor Info: Model `tHsb' substituted by `hsb' on input line 1369.
Package xcolor Info: Model `HSB' substituted by `hsb' on input line 1370.
Package xcolor Info: Model `Gray' substituted by `gray' on input line 1371.
Package xcolor Info: Model `wave' substituted by `hsb' on input line 1372.
)
(/usr/local/texlive/2025/texmf-dist/tex/latex/enumitem/enumitem.sty
Package: enumitem 2025/02/06 v3.11 Customized lists
\labelindent=\skip64
\enit@outerparindent=\dimen275
\enit@toks=\toks26
\enit@inbox=\box61
\enit@count@id=\count335
\enitdp@description=\count336
)
(/usr/local/texlive/2025/texmf-dist/tex/latex/listings/listings.sty
\lst@mode=\count337
\lst@gtempboxa=\box62
\lst@token=\toks27
\lst@length=\count338
\lst@currlwidth=\dimen276
\lst@column=\count339
\lst@pos=\count340
\lst@lostspace=\dimen277
\lst@width=\dimen278
\lst@newlines=\count341
\lst@lineno=\count342
\lst@maxwidth=\dimen279

(/usr/local/texlive/2025/texmf-dist/tex/latex/listings/lstpatch.sty
File: lstpatch.sty 2024/09/23 1.10c (Carsten Heinz)
)
(/usr/local/texlive/2025/texmf-dist/tex/latex/listings/lstmisc.sty
File: lstmisc.sty 2024/09/23 1.10c (Carsten Heinz)
\c@lstnumber=\count343
\lst@skipnumbers=\count344
\lst@framebox=\box63
)
(/usr/local/texlive/2025/texmf-dist/tex/latex/listings/listings.cfg
File: listings.cfg 2024/09/23 1.10c listings configuration
))
Package: listings 2024/09/23 1.10c (Carsten Heinz)

(/usr/local/texlive/2025/texmf-dist/tex/xelatex/xecjk/xeCJK-listings.sty
Package: xeCJK-listings 2022/08/05 v3.9.1 xeCJK patch file for listings
\l__xeCJK_listings_max_char_int=\count345
\l__xeCJK_listings_flag_int=\count346
)
(/usr/local/texlive/2025/texmf-dist/tex/latex/setspace/setspace.sty
Package: setspace 2022/12/04 v6.7b set line spacing
)
(/usr/local/texlive/2025/texmf-dist/tex/latex/tools/longtable.sty
Package: longtable 2024-10-27 v4.22 Multi-page Table package (DPC)
\LTleft=\skip65
\LTright=\skip66
\LTpre=\skip67
\LTpost=\skip68
\LTchunksize=\count347
\LTcapwidth=\dimen280
\LT@head=\box64
\LT@firsthead=\box65
\LT@foot=\box66
\LT@lastfoot=\box67
\LT@gbox=\box68
\LT@cols=\count348
\LT@rows=\count349
\c@LT@tables=\count350
\c@LT@chunks=\count351
\LT@p@ftn=\toks28
)
(/usr/local/texlive/2025/texmf-dist/tex/latex/adjustbox/adjustbox.sty
Package: adjustbox 2025/02/26 v1.3c Adjusting TeX boxes (trim, clip, ...)

(/usr/local/texlive/2025/texmf-dist/tex/latex/xkeyval/xkeyval.sty
Package: xkeyval 2022/06/16 v2.9 package option processing (HA)

(/usr/local/texlive/2025/texmf-dist/tex/generic/xkeyval/xkeyval.tex
(/usr/local/texlive/2025/texmf-dist/tex/generic/xkeyval/xkvutils.tex
\XKV@toks=\toks29
\XKV@tempa@toks=\toks30
)
\XKV@depth=\count352
File: xkeyval.tex 2014/12/03 v2.7a key=value parser (HA)
))
(/usr/local/texlive/2025/texmf-dist/tex/latex/adjustbox/adjcalc.sty
Package: adjcalc 2012/05/16 v1.1 Provides advanced setlength with multiple back
-ends (calc, etex, pgfmath)
)
(/usr/local/texlive/2025/texmf-dist/tex/latex/adjustbox/trimclip.sty
Package: trimclip 2025/02/21 v1.2a Trim and clip general TeX material

(/usr/local/texlive/2025/texmf-dist/tex/latex/collectbox/collectbox.sty
Package: collectbox 2022/10/17 v0.4c Collect macro arguments as boxes
\collectedbox=\box69
)
\tc@llx=\dimen281
\tc@lly=\dimen282
\tc@urx=\dimen283
\tc@ury=\dimen284
Package trimclip Info: Using driver 'tc-xetex.def'.

(/usr/local/texlive/2025/texmf-dist/tex/latex/adjustbox/tc-xetex.def
File: tc-xetex.def 2019/01/04 v2.2 Clipping driver for xetex
))
\adjbox@Width=\dimen285
\adjbox@Height=\dimen286
\adjbox@Depth=\dimen287
\adjbox@Totalheight=\dimen288
\adjbox@pwidth=\dimen289
\adjbox@pheight=\dimen290
\adjbox@pdepth=\dimen291
\adjbox@ptotalheight=\dimen292

(/usr/local/texlive/2025/texmf-dist/tex/latex/ifoddpage/ifoddpage.sty
Package: ifoddpage 2022/10/18 v1.2 Conditionals for odd/even page detection
\c@checkoddpage=\count353
)
(/usr/local/texlive/2025/texmf-dist/tex/latex/varwidth/varwidth.sty
Package: varwidth 2009/03/30 ver 0.92;  Variable-width minipages
\@vwid@box=\box70
\sift@deathcycles=\count354
\@vwid@loff=\dimen293
\@vwid@roff=\dimen294
))
(/usr/local/texlive/2025/texmf-dist/tex/latex/caption/ltcaption.sty
Package: ltcaption 2021/01/08 v1.4c longtable captions (AR)
)
Package hyperref Info: Option `colorlinks' set `true' on input line 24.

(build/main.aux)
\openout1 = `main.aux'.

LaTeX Font Info:    Checking defaults for OML/cmm/m/it on input line 57.
LaTeX Font Info:    ... okay on input line 57.
LaTeX Font Info:    Checking defaults for OMS/cmsy/m/n on input line 57.
LaTeX Font Info:    ... okay on input line 57.
LaTeX Font Info:    Checking defaults for OT1/cmr/m/n on input line 57.
LaTeX Font Info:    ... okay on input line 57.
LaTeX Font Info:    Checking defaults for T1/cmr/m/n on input line 57.
LaTeX Font Info:    ... okay on input line 57.
LaTeX Font Info:    Checking defaults for TS1/cmr/m/n on input line 57.
LaTeX Font Info:    ... okay on input line 57.
LaTeX Font Info:    Checking defaults for TU/lmr/m/n on input line 57.
LaTeX Font Info:    ... okay on input line 57.
LaTeX Font Info:    Checking defaults for OMX/cmex/m/n on input line 57.
LaTeX Font Info:    ... okay on input line 57.
LaTeX Font Info:    Checking defaults for U/cmr/m/n on input line 57.
LaTeX Font Info:    ... okay on input line 57.
LaTeX Font Info:    Checking defaults for PD1/pdf/m/n on input line 57.
LaTeX Font Info:    ... okay on input line 57.
LaTeX Font Info:    Checking defaults for PU/pdf/m/n on input line 57.
LaTeX Font Info:    ... okay on input line 57.

Package fontspec Info: 
(fontspec)             Adjusting the maths setup (use [no-math] to avoid
(fontspec)             this).

\symlegacymaths=\mathgroup6
LaTeX Font Info:    Overwriting symbol font `legacymaths' in version `bold'
(Font)                  OT1/cmr/m/n --> OT1/cmr/bx/n on input line 57.
LaTeX Font Info:    Redeclaring math accent \acute on input line 57.
LaTeX Font Info:    Redeclaring math accent \grave on input line 57.
LaTeX Font Info:    Redeclaring math accent \ddot on input line 57.
LaTeX Font Info:    Redeclaring math accent \tilde on input line 57.
LaTeX Font Info:    Redeclaring math accent \bar on input line 57.
LaTeX Font Info:    Redeclaring math accent \breve on input line 57.
LaTeX Font Info:    Redeclaring math accent \check on input line 57.
LaTeX Font Info:    Redeclaring math accent \hat on input line 57.
LaTeX Font Info:    Redeclaring math accent \dot on input line 57.
LaTeX Font Info:    Redeclaring math accent \mathring on input line 57.
LaTeX Font Info:    Redeclaring math symbol \Gamma on input line 57.
LaTeX Font Info:    Redeclaring math symbol \Delta on input line 57.
LaTeX Font Info:    Redeclaring math symbol \Theta on input line 57.
LaTeX Font Info:    Redeclaring math symbol \Lambda on input line 57.
LaTeX Font Info:    Redeclaring math symbol \Xi on input line 57.
LaTeX Font Info:    Redeclaring math symbol \Pi on input line 57.
LaTeX Font Info:    Redeclaring math symbol \Sigma on input line 57.
LaTeX Font Info:    Redeclaring math symbol \Upsilon on input line 57.
LaTeX Font Info:    Redeclaring math symbol \Phi on input line 57.
LaTeX Font Info:    Redeclaring math symbol \Psi on input line 57.
LaTeX Font Info:    Redeclaring math symbol \Omega on input line 57.
LaTeX Font Info:    Redeclaring math symbol \mathdollar on input line 57.
LaTeX Font Info:    Redeclaring symbol font `operators' on input line 57.
LaTeX Font Info:    Encoding `OT1' has changed to `TU' for symbol font
(Font)              `operators' in the math version `normal' on input line 57.
LaTeX Font Info:    Overwriting symbol font `operators' in version `normal'
(Font)                  OT1/cmr/m/n --> TU/lmr/m/n on input line 57.
LaTeX Font Info:    Encoding `OT1' has changed to `TU' for symbol font
(Font)              `operators' in the math version `bold' on input line 57.
LaTeX Font Info:    Overwriting symbol font `operators' in version `bold'
(Font)                  OT1/cmr/bx/n --> TU/lmr/m/n on input line 57.
LaTeX Font Info:    Overwriting symbol font `operators' in version `normal'
(Font)                  TU/lmr/m/n --> TU/lmr/m/n on input line 57.
LaTeX Font Info:    Overwriting math alphabet `\mathit' in version `normal'
(Font)                  OT1/cmr/m/it --> TU/lmr/m/it on input line 57.
LaTeX Font Info:    Overwriting math alphabet `\mathbf' in version `normal'
(Font)                  OT1/cmr/bx/n --> TU/lmr/b/n on input line 57.
LaTeX Font Info:    Overwriting math alphabet `\mathsf' in version `normal'
(Font)                  OT1/cmss/m/n --> TU/lmss/m/n on input line 57.
LaTeX Font Info:    Overwriting math alphabet `\mathtt' in version `normal'
(Font)                  OT1/cmtt/m/n --> TU/lmtt/m/n on input line 57.
LaTeX Font Info:    Overwriting symbol font `operators' in version `bold'
(Font)                  TU/lmr/m/n --> TU/lmr/b/n on input line 57.
LaTeX Font Info:    Overwriting math alphabet `\mathit' in version `bold'
(Font)                  OT1/cmr/bx/it --> TU/lmr/b/it on input line 57.
LaTeX Font Info:    Overwriting math alphabet `\mathsf' in version `bold'
(Font)                  OT1/cmss/bx/n --> TU/lmss/b/n on input line 57.
LaTeX Font Info:    Overwriting math alphabet `\mathtt' in version `bold'
(Font)                  OT1/cmtt/m/n --> TU/lmtt/b/n on input line 57.

*geometry* driver: auto-detecting
*geometry* detected driver: xetex
*geometry* verbose mode - [ preamble ] result:
* driver: xetex
* paper: a4paper
* layout: <same size as paper>
* layoutoffset:(h,v)=(0.0pt,0.0pt)
* modes: 
* h-part:(L,W,R)=(62.59596pt, 472.31595pt, 62.59596pt)
* v-part:(T,H,B)=(62.59596pt, 719.85492pt, 62.59596pt)
* \paperwidth=597.50787pt
* \paperheight=845.04684pt
* \textwidth=472.31595pt
* \textheight=719.85492pt
* \oddsidemargin=-9.67403pt
* \evensidemargin=-9.67403pt
* \topmargin=-46.67403pt
* \headheight=12.0pt
* \headsep=25.0pt
* \topskip=11.0pt
* \footskip=30.0pt
* \marginparwidth=50.0pt
* \marginparsep=10.0pt
* \columnsep=10.0pt
* \skip\footins=10.0pt plus 4.0pt minus 2.0pt
* \hoffset=0.0pt
* \voffset=0.0pt
* \mag=1000
* \@twocolumnfalse
* \@twosidefalse
* \@mparswitchfalse
* \@reversemarginfalse
* (1in=72.27pt=25.4mm, 1cm=28.453pt)

Package caption Info: Begin \AtBeginDocument code.
Package caption Info: hyperref package is loaded.
Package caption Info: listings package is loaded.
Package caption Info: longtable package is loaded.
Package caption Info: End \AtBeginDocument code.
Package hyperref Info: Link coloring ON on input line 57.
(build/main.out) (build/main.out)
\@outlinefile=\write3
\openout3 = `main.out'.

\c@lstlisting=\count355
LaTeX Font Info:    Trying to load font information for U+msa on input line 59.


(/usr/local/texlive/2025/texmf-dist/tex/latex/amsfonts/umsa.fd
File: umsa.fd 2013/01/14 v3.01 AMS symbols A
)
LaTeX Font Info:    Trying to load font information for U+msb on input line 59.


(/usr/local/texlive/2025/texmf-dist/tex/latex/amsfonts/umsb.fd
File: umsb.fd 2013/01/14 v3.01 AMS symbols B
)

Package fontspec Info: 
(fontspec)             Script 'CJK' not explicitly supported within font
(fontspec)             'FandolFang-Regular'. Check the typeset output, and if
(fontspec)             it is okay then ignore this warning. Otherwise a
(fontspec)             different font should be chosen.


Package fontspec Info: 
(fontspec)             Font family 'FandolFang-Regular(0)' created for font
(fontspec)             'FandolFang-Regular' with options
(fontspec)             [Script={CJK},Extension={.otf}].
(fontspec)              
(fontspec)              This font family consists of the following NFSS
(fontspec)             series/shapes:
(fontspec)              
(fontspec)             - 'normal' (m/n) with NFSS spec.:
(fontspec)             <->"[FandolFang-Regular.otf]/OT:script=hani;language=dfl
t;"

 (build/main.toc

[1

])
\tf@toc=\write4
\openout4 = `main.toc'.



LaTeX Font Info:    Font shape `TU/FandolSong-Regular(0)/m/sl' in size <10.95> 
not available
(Font)              Font shape `TU/FandolSong-Regular(0)/m/it' tried instead on
 input line 65.
[2]
Underfull \hbox (badness 10000) in paragraph at lines 90--91
[]\TU/lmr/m/n/10 MAE/RMSE/MAPE\TU/FandolSong-Regular(0)/m/n/10 ；| \TU/lmr/m/n/1
0 Acc/-
 []


Underfull \hbox (badness 10000) in paragraph at lines 91--91
[]\TU/FandolSong-Regular(0)/m/n/10 强 度 五 分 类：| \TU/lmtt/m/n/10 y_strength\TU/Fa
ndolSong-Regular(0)/m/n/10 ，|  并 输 出 各 档 概 率
 []


Underfull \hbox (badness 3229) in paragraph at lines 91--91
|\TU/FandolSong-Regular(0)/m/n/10 （\TU/lmtt/m/n/10 predict_proba\TU/FandolSong-
Regular(0)/m/n/10 ） ；|  同 时 保 留 回 归 派 生 的 数 值 涨 跌 幅
 []


Underfull \hbox (badness 10000) in paragraph at lines 91--92
[]\TU/lmr/m/n/10 Accuracy\TU/FandolSong-Regular(0)/m/n/10 、| \TU/lmr/m/n/10 mac
ro-
 []


Underfull \hbox (badness 10000) in paragraph at lines 91--92
\TU/lmr/m/n/10 Precision/Recall/F1\TU/FandolSong-Regular(0)/m/n/10 ；|  概
 []



[3

] (./tables/raw_data_coverage.tex)

Package hyperref Warning: Token not allowed in a PDF string (Unicode):
(hyperref)                removing `math shift' on input line 124.


Package hyperref Warning: Token not allowed in a PDF string (Unicode):
(hyperref)                removing `\rightarrow' on input line 124.


Package hyperref Warning: Token not allowed in a PDF string (Unicode):
(hyperref)                removing `math shift' on input line 124.


Overfull \hbox (38.91737pt too wide) in paragraph at lines 127--128
[]\TU/FandolSong-Regular(0)/m/n/10.95 若 表 中 包 含 \TU/FandolFang-Regular(0)/m/n/1
0.95 最 低\TU/lmtt/m/n/10.95 /\TU/FandolFang-Regular(0)/m/n/10.95 最 高\TU/lmtt/m/n
/10.95 /\TU/FandolFang-Regular(0)/m/n/10.95 平 均\TU/FandolSong-Regular(0)/m/n/10
.95 ：|  以 \TU/FandolFang-Regular(0)/m/n/10.95 平 均 \TU/FandolSong-Regular(0)/m/n
/10.95 作 为 主 序 列，|  月 内 计 算 \TU/lmtt/m/n/10.95 mean/min/max/last\TU/FandolSong-
Regular(0)/m/n/10.95 ，|  并 用 \TU/lmtt/m/n/10.95 range=max-min
 []


Package hyperref Warning: Token not allowed in a PDF string (Unicode):
(hyperref)                removing `math shift' on input line 132.


Package hyperref Warning: Token not allowed in a PDF string (Unicode):
(hyperref)                removing `\rightarrow' on input line 132.


Package hyperref Warning: Token not allowed in a PDF string (Unicode):
(hyperref)                removing `math shift' on input line 132.



[4]
Overfull \hbox (46.35265pt too wide) in paragraph at lines 148--149
[]\TU/FandolSong-Regular(0)/m/n/10.95 默 认 阈 值  |（可 配 置） ：|  强 波 动 阈 值 \TU/lmr/m
/n/10.95 5% |\TU/FandolSong-Regular(0)/m/n/10.95 （\TU/lmtt/m/n/10.95 strong_thr
eshold=0.05\TU/FandolSong-Regular(0)/m/n/10.95 ） ，|  平 稳 阈 值 \TU/lmr/m/n/10.95 
0.5% |\TU/FandolSong-Regular(0)/m/n/10.95 （\TU/lmtt/m/n/10.95 flat_threshold=0.
005\TU/FandolSong-Regular(0)/m/n/10.95 ） 。|
 []



[5]
Overfull \hbox (92.6152pt too wide) in paragraph at lines 177--178
[]\TU/FandolSong-Regular(0)/m/n/10.95 我 们 对 \TU/lmr/m/n/10.95 PPData \TU/Fandol
Song-Regular(0)/m/n/10.95 的 每 张 原 始 表 都 生 成 了  |“原 始 序 列 \TU/lmr/m/n/10.95 + \T
U/FandolSong-Regular(0)/m/n/10.95 月 度 平 滑 \TU/lmr/m/n/10.95 + \TU/FandolSong-Re
gular(0)/m/n/10.95 分 布 直 方 图” （路 径：| \TU/lmtt/m/n/10.95 outputs/eda/raw/figures
/\TU/FandolSong-Regular(0)/m/n/10.95 ） ，|
 []

(./tables/raw_data_paths.tex)
File: ../outputs/eda/raw/figures/raw_PP价格.pdf Graphic file (type pdf)
<use ../outputs/eda/raw/figures/raw_PP价格.pdf>
File: ../outputs/eda/raw/figures/raw_期货价格.pdf Graphic file (type pdf)
<use ../outputs/eda/raw/figures/raw_期货价格.pdf>


[6]
File: ../outputs/eda/raw/figures/raw_PP产量.pdf Graphic file (type pdf)
<use ../outputs/eda/raw/figures/raw_PP产量.pdf>
File: ../outputs/eda/raw/figures/raw_PP进口量.pdf Graphic file (type pdf)
<use ../outputs/eda/raw/figures/raw_PP进口量.pdf>
File: ../outputs/eda/raw/figures/raw_排产比例.pdf Graphic file (type pdf)
<use ../outputs/eda/raw/figures/raw_排产比例.pdf>
File: ../outputs/eda/raw/figures/raw_检修损失.pdf Graphic file (type pdf)
<use ../outputs/eda/raw/figures/raw_检修损失.pdf>


[7]
File: ../outputs/eda/raw/figures/raw_PDH成本.pdf Graphic file (type pdf)
<use ../outputs/eda/raw/figures/raw_PDH成本.pdf>
File: ../outputs/eda/raw/figures/raw_丙烯成本.pdf Graphic file (type pdf)
<use ../outputs/eda/raw/figures/raw_丙烯成本.pdf>


[8]
File: ../outputs/eda/raw/figures/raw_乙烯成本.pdf Graphic file (type pdf)
<use ../outputs/eda/raw/figures/raw_乙烯成本.pdf>
File: ../outputs/eda/raw/figures/raw_MTO成本.pdf Graphic file (type pdf)
<use ../outputs/eda/raw/figures/raw_MTO成本.pdf>
File: ../outputs/eda/raw/figures/raw_CTO成本.pdf Graphic file (type pdf)
<use ../outputs/eda/raw/figures/raw_CTO成本.pdf>
File: ../outputs/eda/raw/figures/raw_GDP.pdf Graphic file (type pdf)
<use ../outputs/eda/raw/figures/raw_GDP.pdf>


[9]
File: ../outputs/eda/raw/figures/raw_PP石化库存.pdf Graphic file (type pdf)
<use ../outputs/eda/raw/figures/raw_PP石化库存.pdf>
File: ../outputs/eda/raw/figures/raw_塑编开工率.pdf Graphic file (type pdf)
<use ../outputs/eda/raw/figures/raw_塑编开工率.pdf>
File: ../outputs/eda/raw/figures/raw_PP开工率.pdf Graphic file (type pdf)
<use ../outputs/eda/raw/figures/raw_PP开工率.pdf>
File: ../outputs/eda/raw/figures/raw_BOPP开工率.pdf Graphic file (type pdf)
<use ../outputs/eda/raw/figures/raw_BOPP开工率.pdf>


[10] (../outputs/eda/monthly/monthly_coverage_summary.tex)

[11]
File: ../outputs/eda/monthly/monthly_coverage_heatmap.pdf Graphic file (type pd
f)
<use ../outputs/eda/monthly/monthly_coverage_heatmap.pdf>
File: ../outputs/eda/monthly/monthly_coverage_counts.pdf Graphic file (type pdf
)
<use ../outputs/eda/monthly/monthly_coverage_counts.pdf>


[12] (../outputs/eda/monthly/adf_factors.tex)
File: ../outputs/eda/monthly/factor_corr_heatmap_spearman.pdf Graphic file (typ
e pdf)
<use ../outputs/eda/monthly/factor_corr_heatmap_spearman.pdf>


[13]
File: ../outputs/eda/monthly/rolling_lag1_spearman.pdf Graphic file (type pdf)
<use ../outputs/eda/monthly/rolling_lag1_spearman.pdf>


[14]
File: ../outputs/eda/pp_base/target_series.pdf Graphic file (type pdf)
<use ../outputs/eda/pp_base/target_series.pdf>
File: ../outputs/eda/pp_base/return_distribution.pdf Graphic file (type pdf)
<use ../outputs/eda/pp_base/return_distribution.pdf>
File: ../outputs/eda/pp_base/direction_counts.pdf Graphic file (type pdf)
<use ../outputs/eda/pp_base/direction_counts.pdf>
File: ../outputs/eda/pp_base/strength_counts.pdf Graphic file (type pdf)
<use ../outputs/eda/pp_base/strength_counts.pdf>


[15]
File: ../outputs/eda/pp_base/seasonality_boxplots.pdf Graphic file (type pdf)
<use ../outputs/eda/pp_base/seasonality_boxplots.pdf>
File: ../outputs/eda/pp_base/seasonal_decompose_y.pdf Graphic file (type pdf)
<use ../outputs/eda/pp_base/seasonal_decompose_y.pdf>
File: ../outputs/eda/pp_base/acf_y.pdf Graphic file (type pdf)
<use ../outputs/eda/pp_base/acf_y.pdf>
File: ../outputs/eda/pp_base/acf_y_return.pdf Graphic file (type pdf)
<use ../outputs/eda/pp_base/acf_y_return.pdf>


[16]
File: ../outputs/eda/pp_base/missingness_heatmap.pdf Graphic file (type pdf)
<use ../outputs/eda/pp_base/missingness_heatmap.pdf>


[17]
File: ../outputs/eda/pp_base/top_corr_with_y.pdf Graphic file (type pdf)
<use ../outputs/eda/pp_base/top_corr_with_y.pdf>
File: ../outputs/eda/pp_base/top_corr_with_y_return.pdf Graphic file (type pdf)

<use ../outputs/eda/pp_base/top_corr_with_y_return.pdf>


[18]
Overfull \hbox (81.90729pt too wide) in paragraph at lines 509--515
\TU/FandolSong-Regular(0)/b/n/10.95 派 生 特 征 族  |（与 后 续 建 模 强 相 关）| [] \TU/Fando
lSong-Regular(0)/m/n/10.95 本 项 目 的 特 征 工 程 覆 盖 \TU/lmr/m/n/10.95 6 \TU/FandolSo
ng-Regular(0)/m/n/10.95 类  |（实 现 于 \TU/lmtt/m/n/10.95 pp_forecast/feature_engin
eering.py\TU/FandolSong-Regular(0)/m/n/10.95 ） ：| |（\TU/lmr/m/n/10.95 1\TU/Fand
olSong-Regular(0)/m/n/10.95 ）|
 []

File: ../outputs/eda/pp_base_engineered/feature_engineering_counts.pdf Graphic 
file (type pdf)
<use ../outputs/eda/pp_base_engineered/feature_engineering_counts.pdf>
File: ../outputs/eda/pp_base_engineered/top_corr_with_y_return.pdf Graphic file
 (type pdf)
<use ../outputs/eda/pp_base_engineered/top_corr_with_y_return.pdf>

Underfull \hbox (badness 10000) in paragraph at lines 528--528
[]\TU/lmr/m/n/10 (b) |\TU/FandolSong-Regular(0)/m/n/10 与 $\OML/cmm/m/it/10 y[]r
eturn$ \TU/FandolSong-Regular(0)/m/n/10 的 相 关 性 \TU/lmr/m/n/10 Top-20
 []



[19] (./tables/q1_baselines.tex) (./tables/model_hyperparams.tex)

[20] (./tables/q1_results_summary.tex)
File: ../outputs/report_figures/q1_test_predictions_best_models.pdf Graphic fil
e (type pdf)
<use ../outputs/report_figures/q1_test_predictions_best_models.pdf>

Underfull \hbox (badness 10000) in paragraph at lines 580--580
[]\TU/FandolSong-Regular(0)/m/n/10.95 图 \TU/lmr/m/n/10.95 19: |\TU/FandolSong-R
egular(0)/m/n/10.95 测 试 窗 最 佳 模 型 预 测 对 比  |（每 种 方 案 取 \TU/lmr/m/n/10.95 RMSE \
TU/FandolSong-Regular(0)/m/n/10.95 最 低；|  由
 []



[21]

[22] (./tables/q2_results_summary.tex)
File: ../outputs/report_figures/q2_strength_probabilities_best_model.pdf Graphi
c file (type pdf)
<use ../outputs/report_figures/q2_strength_probabilities_best_model.pdf>

Underfull \hbox (badness 10000) in paragraph at lines 617--617
[]\TU/FandolSong-Regular(0)/m/n/10.95 图 \TU/lmr/m/n/10.95 20: |\TU/FandolSong-R
egular(0)/m/n/10.95 强 度 五 分 类 概 率 输 出 示 例  |（\TU/lmr/m/n/10.95 pp_base_engineer
ed\TU/FandolSong-Regular(0)/m/n/10.95 ；|  测 试 窗；|  由
 []


Overfull \hbox (165.72928pt too wide) in paragraph at lines 622--622
\TU/FandolSong-Regular(0)/b/n/10.95 概 率 输 出 文 件 与 业 务 解 读[] \TU/FandolSong-Regu
lar(0)/m/n/10.95 对 每 个 测 试 月，| \TU/lmtt/m/n/10.95 pp_strength_test_predictions.
csv \TU/FandolSong-Regular(0)/m/n/10.95 与 \TU/lmtt/m/n/10.95 pp_strength_ensemb
le_test_predictions.csv
 []



[23]

Package hyperref Warning: Token not allowed in a PDF string (Unicode):
(hyperref)                removing `math shift' on input line 630.


Package hyperref Warning: Token not allowed in a PDF string (Unicode):
(hyperref)                removing `\times' on input line 630.


Package hyperref Warning: Token not allowed in a PDF string (Unicode):
(hyperref)                removing `math shift' on input line 630.


Overfull \hbox (20.50827pt too wide) in paragraph at lines 635--636
\TU/FandolSong-Regular(0)/m/n/10.95 其 中 趋 势 按 阈 值  |（默 认 $\OMS/cmsy/m/n/10.95 ^
^F\OT1/cmr/m/n/10.95 2[]$\TU/FandolSong-Regular(0)/m/n/10.95 ）|  分 为 \TU/lmtt/m
/n/10.95 up/down/flat\TU/FandolSong-Regular(0)/m/n/10.95 ，|  波 动 按 分 位 数  |（默 认
 \TU/lmr/m/n/10.95 0.6 \TU/FandolSong-Regular(0)/m/n/10.95 分 位）|  分 为 \TU/lmtt/
m/n/10.95 high_vol/low_vol\TU/FandolSong-Regular(0)/m/n/10.95 ，|
 []

(./tables/q3_stage_summary.tex)
File: ../outputs/q3/pp_base/q3_stages_price.pdf Graphic file (type pdf)
<use ../outputs/q3/pp_base/q3_stages_price.pdf>


[24] (./tables/q3_top_groups.tex) (./tables/q3_top_groups_strength.tex)
File: ../outputs/report_figures/q3_ridge_group_weights_heatmap.pdf Graphic file
 (type pdf)
<use ../outputs/report_figures/q3_ridge_group_weights_heatmap.pdf>

Underfull \hbox (badness 10000) in paragraph at lines 664--664
[]\TU/FandolSong-Regular(0)/m/n/10.95 图 \TU/lmr/m/n/10.95 22: |\TU/FandolSong-R
egular(0)/m/n/10.95 阶 段 内 因 子 组 权 重 热 力 图  |（\TU/lmr/m/n/10.95 pp_base\TU/Fando
lSong-Regular(0)/m/n/10.95 ；| \TU/lmr/m/n/10.95 Ridge \TU/FandolSong-Regular(0)
/m/n/10.95 绝 对 系 数 归 一 化；|  由
 []

File: ../outputs/report_figures/q3_strength_logreg_group_weights_heatmap.pdf Gr
aphic file (type pdf)
<use ../outputs/report_figures/q3_strength_logreg_group_weights_heatmap.pdf>

Underfull \hbox (badness 10000) in paragraph at lines 671--671
[]\TU/FandolSong-Regular(0)/m/n/10.95 图 \TU/lmr/m/n/10.95 23: |\TU/FandolSong-R
egular(0)/m/n/10.95 阶 段 内 因 子 组 权 重 热 力 图  |（强 度 任 务；| \TU/lmr/m/n/10.95 LogReg
 \TU/FandolSong-Regular(0)/m/n/10.95 系 数 幅 度 归 一 化；|  由
 []



[25]

[26] (/usr/local/texlive/2025/texmf-dist/tex/latex/listings/lstlang1.sty
File: lstlang1.sty 2024/09/23 1.10c listings language file
)
(/usr/local/texlive/2025/texmf-dist/tex/latex/listings/lstlang1.sty
File: lstlang1.sty 2024/09/23 1.10c listings language file
)
Package hyperref Info: bookmark level for unknown lstlisting defaults to 0 on i
nput line 701.

Overfull \hbox (65.4457pt too wide) in paragraph at lines 719--720
[]\TU/FandolSong-Regular(0)/b/n/10.95 问 题 \TU/lmr/bx/n/10.95 1/2 \TU/FandolSong
-Regular(0)/b/n/10.95 指 标：| \TU/lmtt/m/n/10.95 outputs/metrics/<dataset>/pp_mod
el_metrics.csv\TU/FandolSong-Regular(0)/m/n/10.95 、| \TU/lmtt/m/n/10.95 pp_stre
ngth_model_metrics.csv 
 []


Overfull \hbox (41.35571pt too wide) in paragraph at lines 720--721
[]\TU/FandolSong-Regular(0)/b/n/10.95 问 题 \TU/lmr/bx/n/10.95 2 \TU/FandolSong-R
egular(0)/b/n/10.95 概 率：| \TU/lmtt/m/n/10.95 pp_strength_test_predictions.csv\T
U/FandolSong-Regular(0)/m/n/10.95 、| \TU/lmtt/m/n/10.95 pp_strength_ensemble_te
st_predictions.csv 
 []

(./tables/appendix_q1_full_regression.tex
Overfull \hbox (472.31595pt too wide) detected at line 5
[]
 []


Underfull \hbox (badness 10000) in alignment at lines 4--9
[] [] [] [] []
 []


Overfull \hbox (472.31595pt too wide) detected at line 10
[]
 []


Underfull \hbox (badness 10000) in alignment at lines 9--14
[] [] [] [] []
 []


Underfull \hbox (badness 10000) in alignment at lines 14--17
[] [] [] [] []
 []


Underfull \hbox (badness 10000) in alignment at lines 17--19
[] [] [] [] []
 []


Underfull \hbox (badness 10000) in paragraph at lines 77--77
[]|\TU/lmr/m/n/10 pp_with_futures_
 []


Underfull \hbox (badness 10000) in paragraph at lines 78--78
[]|\TU/lmr/m/n/10 pp_with_futures_
 []


Underfull \hbox (badness 10000) in paragraph at lines 79--79
[]|\TU/lmr/m/n/10 pp_with_futures_
 []


Underfull \hbox (badness 10000) in paragraph at lines 80--80
[]|\TU/lmr/m/n/10 pp_with_futures_
 []


Underfull \hbox (badness 10000) in paragraph at lines 81--81
[]|\TU/lmr/m/n/10 pp_with_futures_
 []


Underfull \hbox (badness 10000) in paragraph at lines 82--82
[]|\TU/lmr/m/n/10 pp_with_futures_
 []


Underfull \hbox (badness 10000) in paragraph at lines 83--83
[]|\TU/lmr/m/n/10 pp_with_futures_
 []


Underfull \hbox (badness 10000) in paragraph at lines 84--84
[]|\TU/lmr/m/n/10 pp_with_futures_
 []


Underfull \hbox (badness 10000) in paragraph at lines 85--85
[]|\TU/lmr/m/n/10 pp_with_futures_
 []


Underfull \hbox (badness 10000) in paragraph at lines 86--86
[]|\TU/lmr/m/n/10 pp_with_futures_
 []


Underfull \hbox (badness 10000) in paragraph at lines 87--87
[]|\TU/lmr/m/n/10 pp_with_futures_
 []


Underfull \hbox (badness 10000) in paragraph at lines 88--88
[]|\TU/lmr/m/n/10 pp_with_futures_
 []


Underfull \hbox (badness 10000) in paragraph at lines 89--89
[]|\TU/lmr/m/n/10 pp_with_futures_
 []


Underfull \hbox (badness 10000) in paragraph at lines 90--90
[]|\TU/lmr/m/n/10 pp_with_futures_
 []


Underfull \hbox (badness 10000) in paragraph at lines 91--91
[]|\TU/lmr/m/n/10 pp_with_futures_
 []


Underfull \hbox (badness 10000) in paragraph at lines 92--92
[]|\TU/lmr/m/n/10 pp_with_futures_
 []


Underfull \hbox (badness 10000) in paragraph at lines 93--93
[]|\TU/lmr/m/n/10 pp_with_futures_
 []


Underfull \hbox (badness 10000) in paragraph at lines 94--94
[]|\TU/lmr/m/n/10 pp_with_futures_
 []


Underfull \hbox (badness 10000) in paragraph at lines 95--95
[]|\TU/lmr/m/n/10 pp_with_futures_
 []


Underfull \hbox (badness 10000) in alignment at lines 19--96
[] [] [] [] []
 []



[27

] [28] [29]) (./tables/appendix_q1_full_direction.tex
Overfull \hbox (472.31595pt too wide) detected at line 5
[]
 []


Underfull \hbox (badness 10000) in alignment at lines 4--9
[] [] [] [] []
 []


Overfull \hbox (472.31595pt too wide) detected at line 10
[]
 []


Underfull \hbox (badness 10000) in alignment at lines 9--14
[] [] [] [] []
 []


Underfull \hbox (badness 10000) in alignment at lines 14--17
[] [] [] [] []
 []


Underfull \hbox (badness 10000) in alignment at lines 17--19
[] [] [] [] []
 []


Underfull \hbox (badness 10000) in paragraph at lines 77--77
[]|\TU/lmr/m/n/10 pp_with_futures_
 []


Underfull \hbox (badness 10000) in paragraph at lines 78--78
[]|\TU/lmr/m/n/10 pp_with_futures_
 []


Underfull \hbox (badness 10000) in paragraph at lines 79--79
[]|\TU/lmr/m/n/10 pp_with_futures_
 []


Underfull \hbox (badness 10000) in paragraph at lines 80--80
[]|\TU/lmr/m/n/10 pp_with_futures_
 []


Underfull \hbox (badness 10000) in paragraph at lines 81--81
[]|\TU/lmr/m/n/10 pp_with_futures_
 []


Underfull \hbox (badness 10000) in paragraph at lines 82--82
[]|\TU/lmr/m/n/10 pp_with_futures_
 []


Underfull \hbox (badness 10000) in paragraph at lines 83--83
[]|\TU/lmr/m/n/10 pp_with_futures_
 []


Underfull \hbox (badness 10000) in paragraph at lines 84--84
[]|\TU/lmr/m/n/10 pp_with_futures_
 []


Underfull \hbox (badness 10000) in paragraph at lines 85--85
[]|\TU/lmr/m/n/10 pp_with_futures_
 []


Underfull \hbox (badness 10000) in paragraph at lines 86--86
[]|\TU/lmr/m/n/10 pp_with_futures_
 []


Underfull \hbox (badness 10000) in paragraph at lines 87--87
[]|\TU/lmr/m/n/10 pp_with_futures_
 []


Underfull \hbox (badness 10000) in paragraph at lines 88--88
[]|\TU/lmr/m/n/10 pp_with_futures_
 []


Underfull \hbox (badness 10000) in paragraph at lines 89--89
[]|\TU/lmr/m/n/10 pp_with_futures_
 []


Underfull \hbox (badness 10000) in paragraph at lines 90--90
[]|\TU/lmr/m/n/10 pp_with_futures_
 []


Underfull \hbox (badness 10000) in paragraph at lines 91--91
[]|\TU/lmr/m/n/10 pp_with_futures_
 []


Underfull \hbox (badness 10000) in paragraph at lines 92--92
[]|\TU/lmr/m/n/10 pp_with_futures_
 []


Underfull \hbox (badness 10000) in paragraph at lines 93--93
[]|\TU/lmr/m/n/10 pp_with_futures_
 []


Underfull \hbox (badness 10000) in paragraph at lines 94--94
[]|\TU/lmr/m/n/10 pp_with_futures_
 []


Underfull \hbox (badness 10000) in paragraph at lines 95--95
[]|\TU/lmr/m/n/10 pp_with_futures_
 []


Underfull \hbox (badness 10000) in alignment at lines 19--96
[] [] [] [] []
 []

[30] [31]) (./tables/appendix_q2_full_strength.tex
Overfull \hbox (472.31595pt too wide) detected at line 5
[]
 []


Underfull \hbox (badness 10000) in alignment at lines 4--9
[] [] [] [] [] []
 []


Overfull \hbox (472.31595pt too wide) detected at line 10
[]
 []


Underfull \hbox (badness 10000) in alignment at lines 9--14
[] [] [] [] [] []
 []


Underfull \hbox (badness 10000) in alignment at lines 14--17
[] [] [] [] [] []
 []


Underfull \hbox (badness 10000) in alignment at lines 17--19
[] [] [] [] [] []
 []


Underfull \hbox (badness 10000) in paragraph at lines 53--53
[]|\TU/lmr/m/n/10 pp_with_futures_
 []


Underfull \hbox (badness 10000) in paragraph at lines 54--54
[]|\TU/lmr/m/n/10 pp_with_futures_
 []


Underfull \hbox (badness 10000) in paragraph at lines 55--55
[]|\TU/lmr/m/n/10 pp_with_futures_
 []


Underfull \hbox (badness 10000) in paragraph at lines 56--56
[]|\TU/lmr/m/n/10 pp_with_futures_
 []


Underfull \hbox (badness 10000) in paragraph at lines 57--57
[]|\TU/lmr/m/n/10 pp_with_futures_
 []


Underfull \hbox (badness 10000) in paragraph at lines 58--58
[]|\TU/lmr/m/n/10 pp_with_futures_
 []


Underfull \hbox (badness 10000) in paragraph at lines 59--59
[]|\TU/lmr/m/n/10 pp_with_futures_
 []


Underfull \hbox (badness 10000) in paragraph at lines 60--60
[]|\TU/lmr/m/n/10 pp_with_futures_
 []


Underfull \hbox (badness 10000) in paragraph at lines 61--61
[]|\TU/lmr/m/n/10 pp_with_futures_
 []


Underfull \hbox (badness 10000) in paragraph at lines 62--62
[]|\TU/lmr/m/n/10 pp_with_futures_
 []


Underfull \hbox (badness 10000) in paragraph at lines 63--63
[]|\TU/lmr/m/n/10 pp_with_futures_
 []


Underfull \hbox (badness 10000) in alignment at lines 19--64
[] [] [] [] [] []
 []

[32])

[33] (build/main.aux)
 ***********
LaTeX2e <2024-11-01> patch level 2
L3 programming layer <2022/08/05>
 ***********
Package rerunfilecheck Info: File `main.out' has not changed.
(rerunfilecheck)             Checksum: 9BCF898A52D7F6F4728F5186F640C47E;6036.
 ) 
Here is how much of TeX's memory you used:
 21946 strings out of 473832
 495933 string characters out of 5729481
 1194388 words of memory out of 5000000
 44599 multiletter control sequences out of 15000+600000
 569083 words of font info for 115 fonts, out of 8000000 for 9000
 1348 hyphenation exceptions out of 8191
 93i,13n,112p,467b,1211s stack positions out of 10000i,1000n,20000p,200000b,200000s

Output written on build/main.xdv (33 pages, 579344 bytes).
