\BOOKMARK [1][-]{section.1}{\376\377\225\356\230\230\200\314\146\157\116\016\116\373\122\241\133\232\116\111}{}% 1
\BOOKMARK [1][-]{section.2}{\376\377\145\160\143\156\213\364\146\016\116\016\230\204\131\004\164\006}{}% 2
\BOOKMARK [2][-]{subsection.2.1}{\376\377\123\237\131\313\145\160\143\156\147\204\142\020\116\016\116\032\122\241\176\364\136\246}{section.2}% 3
\BOOKMARK [2][-]{subsection.2.2}{\376\377\211\206\166\326\135\356\137\002\116\016\230\221\163\207\213\306\122\053}{section.2}% 4
\BOOKMARK [2][-]{subsection.2.3}{\376\377\176\337\116\000\147\010\136\246\123\026\377\032\124\150\000/\145\345\000/\136\164\000\040\000\040\147\010}{section.2}% 5
\BOOKMARK [2][-]{subsection.2.4}{\376\377\145\366\136\217\133\371\237\120\377\032\000x\000\050\000t\000-\0001\000\051\000y\000\050\000t\000\051\000\040\116\016\117\341\140\157\156\336\124\016}{section.2}% 6
\BOOKMARK [2][-]{subsection.2.5}{\376\377\166\356\150\007\123\330\221\317\116\016\150\007\173\176\147\204\220\040\377\010\225\356\230\230\0001\000/\0002\121\161\165\050\377\011}{section.2}% 7
\BOOKMARK [2][-]{subsection.2.6}{\376\377\155\250\215\314\137\072\136\246\122\006\150\143\377\010\225\356\230\230\0002\377\011}{section.2}% 8
\BOOKMARK [2][-]{subsection.2.7}{\376\377\177\072\131\061\131\004\164\006\060\001\150\007\121\306\123\026\116\016\123\357\131\015\163\260\155\101\154\064\176\277}{section.2}% 9
\BOOKMARK [2][-]{subsection.2.8}{\376\377\145\160\143\156\226\306\162\110\147\054\116\016\217\223\121\372\145\207\116\366}{section.2}% 10
\BOOKMARK [1][-]{section.3}{\376\377\162\171\137\201\135\345\172\013\116\016\143\317\217\360\140\047\176\337\213\241\377\010\145\366\225\364\136\217\122\027\000E\000D\000A\377\011}{}% 11
\BOOKMARK [2][-]{subsection.3.1}{\376\377\123\237\131\313\145\160\143\156\151\202\211\310}{section.3}% 12
\BOOKMARK [2][-]{subsection.3.2}{\376\377\147\010\136\246\162\171\137\201\211\206\166\326\116\016\177\072\131\061}{section.3}% 13
\BOOKMARK [2][-]{subsection.3.3}{\376\377\136\163\172\063\140\047\150\300\232\214\116\016\123\330\143\142\136\372\213\256}{section.3}% 14
\BOOKMARK [2][-]{subsection.3.4}{\376\377\126\340\133\120\121\161\176\277\140\047\116\016\117\341\140\157\121\227\117\131}{section.3}% 15
\BOOKMARK [2][-]{subsection.3.5}{\376\377\121\163\174\373\172\063\133\232\140\047\377\032\156\332\122\250\156\336\124\016\166\370\121\163}{section.3}% 16
\BOOKMARK [2][-]{subsection.3.6}{\376\377\136\372\152\041\145\160\143\156\226\306\377\010\000p\000p\000\137\000b\000a\000s\000e\377\011\000E\000D\000A}{section.3}% 17
\BOOKMARK [2][-]{subsection.3.7}{\376\377\155\076\165\037\162\171\137\201\135\345\172\013\377\010\123\357\220\011\137\000\121\163\377\011}{section.3}% 18
\BOOKMARK [1][-]{section.4}{\376\377\225\356\230\230\0001\377\032\000P\000P\116\367\150\074\147\010\136\246\230\204\155\113\116\016\155\250\215\314\145\271\124\021}{}% 19
\BOOKMARK [2][-]{subsection.4.1}{\376\377\225\356\230\230\213\276\133\232\116\016\213\304\116\367\213\276\213\241}{section.4}% 20
\BOOKMARK [2][-]{subsection.4.2}{\376\377\127\372\176\277\152\041\127\213\377\010\137\305\230\173\230\171\377\011\116\016\123\357\211\343\221\312\133\371\161\147}{section.4}% 21
\BOOKMARK [2][-]{subsection.4.3}{\376\377\162\171\137\201\226\306\116\016\152\041\127\213\145\317}{section.4}% 22
\BOOKMARK [2][-]{subsection.4.4}{\376\377\226\306\142\020\133\146\116\140\116\016\152\041\127\213\220\011\142\351\173\126\165\145}{section.4}% 23
\BOOKMARK [2][-]{subsection.4.5}{\376\377\176\323\147\234\060\001\123\357\211\306\123\026\116\016\213\357\135\356\122\006\147\220}{section.4}% 24
\BOOKMARK [1][-]{section.5}{\376\377\225\356\230\230\0002\377\032\155\250\215\314\137\072\136\246\230\204\155\113\116\016\151\202\163\207\217\223\121\372}{}% 25
\BOOKMARK [2][-]{subsection.5.1}{\376\377\116\373\122\241\213\276\133\232\116\016\226\276\160\271}{section.5}% 26
\BOOKMARK [2][-]{subsection.5.2}{\376\377\116\044\147\141\136\372\152\041\215\357\137\204\377\010\145\160\120\074\000\040\000v\000s\000\040\151\202\163\207\377\011}{section.5}% 27
\BOOKMARK [2][-]{subsection.5.3}{\376\377\213\304\116\367\143\007\150\007\116\016\151\202\163\207\217\223\121\372\123\343\137\204}{section.5}% 28
\BOOKMARK [2][-]{subsection.5.4}{\376\377\176\323\147\234\144\130\211\201\116\016\123\357\211\306\123\026\211\343\221\312}{section.5}% 29
\BOOKMARK [1][-]{section.6}{\376\377\225\356\230\230\0003\377\032\122\006\226\066\153\265\121\163\225\056\126\340\133\120\173\133\220\011\116\016\147\103\221\315}{}% 30
\BOOKMARK [2][-]{subsection.6.1}{\376\377\122\250\147\072\377\032\126\340\133\120\117\134\165\050\166\204\226\066\153\265\140\047}{section.6}% 31
\BOOKMARK [2][-]{subsection.6.2}{\376\377\226\066\153\265\122\022\122\006\145\271\154\325\377\010\215\213\122\277\000\040\000\040\154\342\122\250\377\011}{section.6}% 32
\BOOKMARK [2][-]{subsection.6.3}{\376\377\226\066\153\265\121\205\121\163\225\056\126\340\133\120\176\304\201\352\122\250\173\133\220\011\116\016\147\103\221\315\213\241\173\227}{section.6}% 33
\BOOKMARK [1][-]{section.7}{\376\377\140\073\176\323\377\032\116\015\215\263\116\016\134\125\147\033}{}% 34
\BOOKMARK [1][-]{section*.52}{\376\377\226\104\137\125\166\356\137\125}{}% 35
\BOOKMARK [1][-]{appendix.A}{\376\377\226\104\137\125\000A\377\032\123\357\131\015\163\260\116\343\170\001\176\323\147\204\116\016\217\320\210\114\124\175\116\344}{}% 36
\BOOKMARK [1][-]{appendix.B}{\376\377\226\104\137\125\000B\377\032\116\073\211\201\217\223\121\372\145\207\116\366\213\364\146\016}{}% 37
\BOOKMARK [1][-]{appendix.C}{\376\377\226\104\137\125\000C\377\032\133\214\145\164\152\041\127\213\133\371\153\324\210\150\377\010\000C\000S\000V\000\040\215\357\137\204\377\011}{}% 38
\BOOKMARK [2][-]{subsection.C.1}{\376\377\225\356\230\230\0001\377\032\121\150\152\041\127\213\133\371\153\324\377\010\126\336\137\122\000/\145\271\124\021\377\011}{appendix.C}% 39
\BOOKMARK [2][-]{subsection.C.2}{\376\377\225\356\230\230\0002\377\032\121\150\152\041\127\213\133\371\153\324\377\010\137\072\136\246\116\224\122\006\174\173\377\011}{appendix.C}% 40
